<?xml version="1.0" encoding="UTF-8"?>
<!-- Generated by org.testng.reporters.JUnitReportReporter -->
<testsuite hostname="Recluse-PC" name="PersonalTest.AppiumTest" tests="1" failures="0" timestamp="30 Jul 2016 03:53:58 GMT" time="1.410" errors="1">
  <testcase name="Test1" time="1.410" classname="PersonalTest.AppiumTest">
    <error type="org.openqa.selenium.WebDriverException" message="Unable to install [E:\DubbingShowAppiumTest/apps/mobileqq.apk] to device with id [null]. Error [Error: spawn OK] (WARNING: The server did not provide any stacktrace information)
Command duration or timeout: 80 milliseconds
Build info: version: &#039;2.53.0&#039;, revision: &#039;35ae25b&#039;, time: &#039;2016-03-15 17:00:58&#039;
System info: host: &#039;Recluse-PC&#039;, ip: &#039;192.168.1.107&#039;, os.name: &#039;Windows 7&#039;, os.arch: &#039;amd64&#039;, os.version: &#039;6.1&#039;, java.version: &#039;1.7.0_67&#039;
Session ID: b691579e-0416-414f-91ad-f49f352d5038
Driver info: io.appium.java_client.android.AndroidDriver
Capabilities [{platform=ANDROID, app=E:\DubbingShowAppiumTest\apps\dubbingshow.apk, javascriptEnabled=true, appActivity=com.happyteam.dubbingshow.ui.StartActivity, browserName=Android, autoLaunch=true, networkConnectionEnabled=true, noSign=noSign, desired={app=E:\DubbingShowAppiumTest\apps\dubbingshow.apk, platform=ANDROID, appActivity=com.happyteam.dubbingshow.ui.StartActivity, autoLaunch=true, noSign=noSign, appPackage=com.happyteam.dubbingshow, noReset=true, newCommandTimeout=600, platformVersion=5.0.2, appWaitPackage=com.happyteam.dubbingshow, fullReset=false, deviceName=Ju, platformName=Android, appWaitActivity=.act.home.HomeActivity, unicodeKeyboard=false}, locationContextEnabled=false, appPackage=com.happyteam.dubbingshow, noReset=true, newCommandTimeout=600, platformVersion=4.4.4, databaseEnabled=false, appWaitPackage=com.happyteam.dubbingshow, fullReset=false, platformName=Android, deviceName=96cde3d, appWaitActivity=.act.home.HomeActivity, webStorageEnabled=false, unicodeKeyboard=false, warnings={}, takesScreenshot=true}]">
      <![CDATA[org.openqa.selenium.WebDriverException: Unable to install [E:\DubbingShowAppiumTest/apps/mobileqq.apk] to device with id [null]. Error [Error: spawn OK] (WARNING: The server did not provide any stacktrace information)
Command duration or timeout: 80 milliseconds
Build info: version: '2.53.0', revision: '35ae25b', time: '2016-03-15 17:00:58'
System info: host: 'Recluse-PC', ip: '192.168.1.107', os.name: 'Windows 7', os.arch: 'amd64', os.version: '6.1', java.version: '1.7.0_67'
Session ID: b691579e-0416-414f-91ad-f49f352d5038
Driver info: io.appium.java_client.android.AndroidDriver
Capabilities [{platform=ANDROID, app=E:\DubbingShowAppiumTest\apps\dubbingshow.apk, javascriptEnabled=true, appActivity=com.happyteam.dubbingshow.ui.StartActivity, browserName=Android, autoLaunch=true, networkConnectionEnabled=true, noSign=noSign, desired={app=E:\DubbingShowAppiumTest\apps\dubbingshow.apk, platform=ANDROID, appActivity=com.happyteam.dubbingshow.ui.StartActivity, autoLaunch=true, noSign=noSign, appPackage=com.happyteam.dubbingshow, noReset=true, newCommandTimeout=600, platformVersion=5.0.2, appWaitPackage=com.happyteam.dubbingshow, fullReset=false, deviceName=Ju, platformName=Android, appWaitActivity=.act.home.HomeActivity, unicodeKeyboard=false}, locationContextEnabled=false, appPackage=com.happyteam.dubbingshow, noReset=true, newCommandTimeout=600, platformVersion=4.4.4, databaseEnabled=false, appWaitPackage=com.happyteam.dubbingshow, fullReset=false, platformName=Android, deviceName=96cde3d, appWaitActivity=.act.home.HomeActivity, webStorageEnabled=false, unicodeKeyboard=false, warnings={}, takesScreenshot=true}]
	at sun.reflect.NativeConstructorAccessorImpl.newInstance0(Native Method)
	at sun.reflect.NativeConstructorAccessorImpl.newInstance(Unknown Source)
	at sun.reflect.DelegatingConstructorAccessorImpl.newInstance(Unknown Source)
	at java.lang.reflect.Constructor.newInstance(Unknown Source)
	at org.openqa.selenium.remote.ErrorHandler.createThrowable(ErrorHandler.java:206)
	at org.openqa.selenium.remote.ErrorHandler.throwIfResponseFailed(ErrorHandler.java:158)
	at org.openqa.selenium.remote.RemoteWebDriver.execute(RemoteWebDriver.java:678)
	at io.appium.java_client.DefaultGenericMobileDriver.execute(DefaultGenericMobileDriver.java:43)
	at io.appium.java_client.AppiumDriver.execute(AppiumDriver.java:1)
	at io.appium.java_client.android.AndroidDriver.execute(AndroidDriver.java:1)
	at io.appium.java_client.AppiumDriver.installApp(AppiumDriver.java:243)
	at PersonalTest.AppiumTest.Test1(AppiumTest.java:61)
	at sun.reflect.NativeMethodAccessorImpl.invoke0(Native Method)
	at sun.reflect.NativeMethodAccessorImpl.invoke(Unknown Source)
	at sun.reflect.DelegatingMethodAccessorImpl.invoke(Unknown Source)
	at java.lang.reflect.Method.invoke(Unknown Source)
	at org.testng.internal.MethodInvocationHelper.invokeMethod(MethodInvocationHelper.java:85)
	at org.testng.internal.Invoker.invokeMethod(Invoker.java:639)
	at org.testng.internal.Invoker.invokeTestMethod(Invoker.java:816)
	at org.testng.internal.Invoker.invokeTestMethods(Invoker.java:1124)
	at org.testng.internal.TestMethodWorker.invokeTestMethods(TestMethodWorker.java:125)
	at org.testng.internal.TestMethodWorker.run(TestMethodWorker.java:108)
	at org.testng.TestRunner.privateRun(TestRunner.java:774)
	at org.testng.TestRunner.run(TestRunner.java:624)
	at org.testng.SuiteRunner.runTest(SuiteRunner.java:359)
	at org.testng.SuiteRunner.runSequentially(SuiteRunner.java:354)
	at org.testng.SuiteRunner.privateRun(SuiteRunner.java:312)
	at org.testng.SuiteRunner.run(SuiteRunner.java:261)
	at org.testng.SuiteRunnerWorker.runSuite(SuiteRunnerWorker.java:52)
	at org.testng.SuiteRunnerWorker.run(SuiteRunnerWorker.java:86)
	at org.testng.TestNG.runSuitesSequentially(TestNG.java:1215)
	at org.testng.TestNG.runSuitesLocally(TestNG.java:1140)
	at org.testng.TestNG.run(TestNG.java:1048)
	at org.testng.remote.RemoteTestNG.run(RemoteTestNG.java:112)
	at org.testng.remote.RemoteTestNG.initAndRun(RemoteTestNG.java:205)
	at org.testng.remote.RemoteTestNG.main(RemoteTestNG.java:176)
]]>
    </error>
  </testcase> <!-- Test1 -->
</testsuite> <!-- PersonalTest.AppiumTest -->
